Epoch[0] Batch [49]	Speed: 100.455926 samples/sec	accuracy=0.788750	lr=0.001000
Epoch[0] Batch [99]	Speed: 103.441741 samples/sec	accuracy=0.817656	lr=0.001000
Epoch[0] Batch [149]	Speed: 103.817647 samples/sec	accuracy=0.829271	lr=0.001000
Epoch[0] Batch [199]	Speed: 103.660199 samples/sec	accuracy=0.836875	lr=0.001000
Epoch[0] Batch [249]	Speed: 103.495469 samples/sec	accuracy=0.844750	lr=0.001000
Epoch[0] Batch [299]	Speed: 103.503267 samples/sec	accuracy=0.850990	lr=0.001000
Epoch[0] Batch [349]	Speed: 103.437997 samples/sec	accuracy=0.854152	lr=0.001000
Epoch[0] Batch [399]	Speed: 103.481462 samples/sec	accuracy=0.858320	lr=0.001000
Epoch[0] Batch [449]	Speed: 103.470559 samples/sec	accuracy=0.859306	lr=0.001000
Epoch[0] Batch [499]	Speed: 103.491875 samples/sec	accuracy=0.860656	lr=0.001000
Epoch[0] Batch [549]	Speed: 103.412707 samples/sec	accuracy=0.862443	lr=0.001000
Epoch[0] Batch [599]	Speed: 103.451412 samples/sec	accuracy=0.864141	lr=0.001000
Epoch[0] Batch [649]	Speed: 103.504278 samples/sec	accuracy=0.866514	lr=0.001000
Epoch[0] Batch [699]	Speed: 103.415000 samples/sec	accuracy=0.867746	lr=0.001000
Epoch[0] Batch [749]	Speed: 103.320380 samples/sec	accuracy=0.869563	lr=0.001000
Epoch[0] Batch [799]	Speed: 103.474620 samples/sec	accuracy=0.870352	lr=0.001000
Epoch[0] Batch [849]	Speed: 103.492556 samples/sec	accuracy=0.871287	lr=0.001000
Epoch[0] Batch [899]	Speed: 103.405428 samples/sec	accuracy=0.872153	lr=0.001000
Epoch[0] Batch [949]	Speed: 103.398041 samples/sec	accuracy=0.873520	lr=0.001000
Epoch[0] Batch [999]	Speed: 103.506290 samples/sec	accuracy=0.874297	lr=0.001000
Epoch[0] Batch [1049]	Speed: 103.467307 samples/sec	accuracy=0.874985	lr=0.001000
Epoch[0] Batch [1099]	Speed: 103.468659 samples/sec	accuracy=0.875724	lr=0.001000
Epoch[0] Batch [1149]	Speed: 103.455588 samples/sec	accuracy=0.876264	lr=0.001000
Epoch[0] Batch [1199]	Speed: 103.528101 samples/sec	accuracy=0.876745	lr=0.001000
Epoch[0] Batch [1249]	Speed: 103.463715 samples/sec	accuracy=0.876763	lr=0.001000
Epoch[0] Batch [1299]	Speed: 103.458768 samples/sec	accuracy=0.877272	lr=0.001000
Epoch[0] Batch [1349]	Speed: 103.433982 samples/sec	accuracy=0.878021	lr=0.001000
Epoch[0] Batch [1399]	Speed: 103.560175 samples/sec	accuracy=0.878493	lr=0.001000
Epoch[0] Batch [1449]	Speed: 103.448921 samples/sec	accuracy=0.878944	lr=0.001000
Epoch[0] Batch [1499]	Speed: 103.397079 samples/sec	accuracy=0.879104	lr=0.001000
Epoch[0] Batch [1549]	Speed: 103.442511 samples/sec	accuracy=0.879194	lr=0.001000
Epoch[0] Batch [1599]	Speed: 103.412386 samples/sec	accuracy=0.879404	lr=0.001000
Epoch[0] Batch [1649]	Speed: 103.428362 samples/sec	accuracy=0.880028	lr=0.001000
Epoch[0] Batch [1699]	Speed: 103.462446 samples/sec	accuracy=0.880358	lr=0.001000
Epoch[0] Batch [1749]	Speed: 103.440959 samples/sec	accuracy=0.880777	lr=0.001000
Epoch[0] Batch [1799]	Speed: 103.453851 samples/sec	accuracy=0.881380	lr=0.001000
[Epoch 0] Train-acc: 0.882, loss: 0.271 | Val-acc: 0.925 | time: 1157.7
Epoch[1] Batch [49]	Speed: 101.019531 samples/sec	accuracy=0.897188	lr=0.001000
Epoch[1] Batch [99]	Speed: 103.426074 samples/sec	accuracy=0.895469	lr=0.001000
Epoch[1] Batch [149]	Speed: 103.432820 samples/sec	accuracy=0.894375	lr=0.001000
Epoch[1] Batch [199]	Speed: 103.472591 samples/sec	accuracy=0.895547	lr=0.001000
Epoch[1] Batch [249]	Speed: 103.468250 samples/sec	accuracy=0.895813	lr=0.001000
Epoch[1] Batch [299]	Speed: 103.424210 samples/sec	accuracy=0.896510	lr=0.001000
Epoch[1] Batch [349]	Speed: 103.466143 samples/sec	accuracy=0.897545	lr=0.001000
Epoch[1] Batch [399]	Speed: 103.404503 samples/sec	accuracy=0.898516	lr=0.001000
Epoch[1] Batch [449]	Speed: 103.524231 samples/sec	accuracy=0.898333	lr=0.001000
Epoch[1] Batch [499]	Speed: 103.501925 samples/sec	accuracy=0.898344	lr=0.001000
Epoch[1] Batch [549]	Speed: 103.450244 samples/sec	accuracy=0.897670	lr=0.001000
Epoch[1] Batch [599]	Speed: 103.323397 samples/sec	accuracy=0.897474	lr=0.001000
Epoch[1] Batch [649]	Speed: 103.476411 samples/sec	accuracy=0.897067	lr=0.001000
Epoch[1] Batch [699]	Speed: 103.539296 samples/sec	accuracy=0.897188	lr=0.001000
Epoch[1] Batch [749]	Speed: 103.519027 samples/sec	accuracy=0.896625	lr=0.001000
Epoch[1] Batch [799]	Speed: 103.425641 samples/sec	accuracy=0.896816	lr=0.001000
Epoch[1] Batch [849]	Speed: 103.459678 samples/sec	accuracy=0.897243	lr=0.001000
Epoch[1] Batch [899]	Speed: 103.400189 samples/sec	accuracy=0.897500	lr=0.001000
Epoch[1] Batch [949]	Speed: 103.421855 samples/sec	accuracy=0.897286	lr=0.001000
Epoch[1] Batch [999]	Speed: 103.592808 samples/sec	accuracy=0.897781	lr=0.001000
Epoch[1] Batch [1049]	Speed: 103.374508 samples/sec	accuracy=0.898065	lr=0.001000
Epoch[1] Batch [1099]	Speed: 103.443828 samples/sec	accuracy=0.898239	lr=0.001000
Epoch[1] Batch [1149]	Speed: 103.458205 samples/sec	accuracy=0.898560	lr=0.001000
Epoch[1] Batch [1199]	Speed: 103.529700 samples/sec	accuracy=0.898802	lr=0.001000
Epoch[1] Batch [1249]	Speed: 103.467074 samples/sec	accuracy=0.898175	lr=0.001000
Epoch[1] Batch [1299]	Speed: 103.442851 samples/sec	accuracy=0.898005	lr=0.001000
Epoch[1] Batch [1349]	Speed: 103.522624 samples/sec	accuracy=0.898044	lr=0.001000
Epoch[1] Batch [1399]	Speed: 103.457743 samples/sec	accuracy=0.897991	lr=0.001000
Epoch[1] Batch [1449]	Speed: 103.537108 samples/sec	accuracy=0.898244	lr=0.001000
Epoch[1] Batch [1499]	Speed: 103.410799 samples/sec	accuracy=0.898167	lr=0.001000
Epoch[1] Batch [1549]	Speed: 103.431898 samples/sec	accuracy=0.898317	lr=0.001000
Epoch[1] Batch [1599]	Speed: 103.487132 samples/sec	accuracy=0.898350	lr=0.001000
Epoch[1] Batch [1649]	Speed: 103.427081 samples/sec	accuracy=0.898286	lr=0.001000
Epoch[1] Batch [1699]	Speed: 103.489782 samples/sec	accuracy=0.898244	lr=0.001000
Epoch[1] Batch [1749]	Speed: 103.442250 samples/sec	accuracy=0.898268	lr=0.001000
Epoch[1] Batch [1799]	Speed: 103.580527 samples/sec	accuracy=0.897986	lr=0.001000
[Epoch 1] Train-acc: 0.898, loss: 0.237 | Val-acc: 0.933 | time: 1157.6
Epoch[2] Batch [49]	Speed: 100.098335 samples/sec	accuracy=0.897813	lr=0.001000
Epoch[2] Batch [99]	Speed: 103.429047 samples/sec	accuracy=0.896250	lr=0.001000
Epoch[2] Batch [149]	Speed: 103.472257 samples/sec	accuracy=0.900417	lr=0.001000
Epoch[2] Batch [199]	Speed: 103.436155 samples/sec	accuracy=0.901797	lr=0.001000
Epoch[2] Batch [249]	Speed: 103.550005 samples/sec	accuracy=0.903438	lr=0.001000
Epoch[2] Batch [299]	Speed: 103.449291 samples/sec	accuracy=0.904479	lr=0.001000
Epoch[2] Batch [349]	Speed: 103.542793 samples/sec	accuracy=0.904643	lr=0.001000
Epoch[2] Batch [399]	Speed: 103.529740 samples/sec	accuracy=0.905234	lr=0.001000
Epoch[2] Batch [449]	Speed: 103.451331 samples/sec	accuracy=0.904375	lr=0.001000
Epoch[2] Batch [499]	Speed: 103.544876 samples/sec	accuracy=0.904000	lr=0.001000
Epoch[2] Batch [549]	Speed: 103.492728 samples/sec	accuracy=0.903381	lr=0.001000
Epoch[2] Batch [599]	Speed: 103.592024 samples/sec	accuracy=0.902917	lr=0.001000
Epoch[2] Batch [649]	Speed: 103.517235 samples/sec	accuracy=0.902788	lr=0.001000
Epoch[2] Batch [699]	Speed: 103.443462 samples/sec	accuracy=0.901830	lr=0.001000
Epoch[2] Batch [749]	Speed: 103.485531 samples/sec	accuracy=0.902000	lr=0.001000
Epoch[2] Batch [799]	Speed: 103.512516 samples/sec	accuracy=0.901992	lr=0.001000
Epoch[2] Batch [849]	Speed: 103.440712 samples/sec	accuracy=0.902169	lr=0.001000
Epoch[2] Batch [899]	Speed: 103.441524 samples/sec	accuracy=0.902326	lr=0.001000
Epoch[2] Batch [949]	Speed: 103.464395 samples/sec	accuracy=0.901842	lr=0.001000
Epoch[2] Batch [999]	Speed: 103.498242 samples/sec	accuracy=0.902078	lr=0.001000
Epoch[2] Batch [1049]	Speed: 103.488807 samples/sec	accuracy=0.901533	lr=0.001000
Epoch[2] Batch [1099]	Speed: 103.420495 samples/sec	accuracy=0.901477	lr=0.001000
Epoch[2] Batch [1149]	Speed: 103.452374 samples/sec	accuracy=0.901168	lr=0.001000
Epoch[2] Batch [1199]	Speed: 103.489381 samples/sec	accuracy=0.901224	lr=0.001000
Epoch[2] Batch [1249]	Speed: 103.486937 samples/sec	accuracy=0.901288	lr=0.001000
Epoch[2] Batch [1299]	Speed: 103.505042 samples/sec	accuracy=0.901575	lr=0.001000
Epoch[2] Batch [1349]	Speed: 103.466172 samples/sec	accuracy=0.901690	lr=0.001000
Epoch[2] Batch [1399]	Speed: 103.484763 samples/sec	accuracy=0.902210	lr=0.001000
Epoch[2] Batch [1449]	Speed: 103.539336 samples/sec	accuracy=0.902198	lr=0.001000
Epoch[2] Batch [1499]	Speed: 103.492202 samples/sec	accuracy=0.902073	lr=0.001000
Epoch[2] Batch [1549]	Speed: 103.437920 samples/sec	accuracy=0.901835	lr=0.001000
Epoch[2] Batch [1599]	Speed: 103.465903 samples/sec	accuracy=0.901895	lr=0.001000
Epoch[2] Batch [1649]	Speed: 103.489118 samples/sec	accuracy=0.902112	lr=0.001000
Epoch[2] Batch [1699]	Speed: 103.440256 samples/sec	accuracy=0.901866	lr=0.001000
Epoch[2] Batch [1749]	Speed: 103.425125 samples/sec	accuracy=0.901875	lr=0.001000
Epoch[2] Batch [1799]	Speed: 103.525609 samples/sec	accuracy=0.901771	lr=0.001000
[Epoch 2] Train-acc: 0.902, loss: 0.228 | Val-acc: 0.934 | time: 1157.7
Epoch[3] Batch [49]	Speed: 100.535637 samples/sec	accuracy=0.914062	lr=0.001000
Epoch[3] Batch [99]	Speed: 103.475697 samples/sec	accuracy=0.910937	lr=0.001000
Epoch[3] Batch [149]	Speed: 103.428019 samples/sec	accuracy=0.909792	lr=0.001000
Epoch[3] Batch [199]	Speed: 103.428818 samples/sec	accuracy=0.908125	lr=0.001000
Epoch[3] Batch [249]	Speed: 103.471251 samples/sec	accuracy=0.908062	lr=0.001000
Epoch[3] Batch [299]	Speed: 103.389820 samples/sec	accuracy=0.907552	lr=0.001000
Epoch[3] Batch [349]	Speed: 103.432516 samples/sec	accuracy=0.908929	lr=0.001000
Epoch[3] Batch [399]	Speed: 103.364304 samples/sec	accuracy=0.908438	lr=0.001000
Epoch[3] Batch [449]	Speed: 103.456102 samples/sec	accuracy=0.907708	lr=0.001000
Epoch[3] Batch [499]	Speed: 103.350877 samples/sec	accuracy=0.908094	lr=0.001000
Epoch[3] Batch [549]	Speed: 103.443641 samples/sec	accuracy=0.907813	lr=0.001000
Epoch[3] Batch [599]	Speed: 103.427321 samples/sec	accuracy=0.907865	lr=0.001000
Epoch[3] Batch [649]	Speed: 103.343151 samples/sec	accuracy=0.906851	lr=0.001000
Epoch[3] Batch [699]	Speed: 103.437771 samples/sec	accuracy=0.906629	lr=0.001000
Epoch[3] Batch [749]	Speed: 103.527462 samples/sec	accuracy=0.906771	lr=0.001000
Epoch[3] Batch [799]	Speed: 103.448101 samples/sec	accuracy=0.907070	lr=0.001000
Epoch[3] Batch [849]	Speed: 103.456379 samples/sec	accuracy=0.906985	lr=0.001000
Epoch[3] Batch [899]	Speed: 103.420843 samples/sec	accuracy=0.906892	lr=0.001000
Epoch[3] Batch [949]	Speed: 103.486023 samples/sec	accuracy=0.906711	lr=0.001000
Epoch[3] Batch [999]	Speed: 103.414625 samples/sec	accuracy=0.906453	lr=0.001000
Epoch[3] Batch [1049]	Speed: 103.490597 samples/sec	accuracy=0.905997	lr=0.001000
Epoch[3] Batch [1099]	Speed: 103.428163 samples/sec	accuracy=0.906009	lr=0.001000
Epoch[3] Batch [1149]	Speed: 103.405044 samples/sec	accuracy=0.906005	lr=0.001000
Epoch[3] Batch [1199]	Speed: 103.477649 samples/sec	accuracy=0.906029	lr=0.001000
Epoch[3] Batch [1249]	Speed: 103.563868 samples/sec	accuracy=0.905713	lr=0.001000
Epoch[3] Batch [1299]	Speed: 103.421761 samples/sec	accuracy=0.905325	lr=0.001000
Epoch[3] Batch [1349]	Speed: 103.530090 samples/sec	accuracy=0.905567	lr=0.001000
Epoch[3] Batch [1399]	Speed: 103.409326 samples/sec	accuracy=0.905435	lr=0.001000
Epoch[3] Batch [1449]	Speed: 103.477598 samples/sec	accuracy=0.905496	lr=0.001000
Epoch[3] Batch [1499]	Speed: 103.458004 samples/sec	accuracy=0.905667	lr=0.001000
Epoch[3] Batch [1549]	Speed: 103.459546 samples/sec	accuracy=0.905645	lr=0.001000
Epoch[3] Batch [1599]	Speed: 103.433248 samples/sec	accuracy=0.905537	lr=0.001000
Epoch[3] Batch [1649]	Speed: 103.424772 samples/sec	accuracy=0.905369	lr=0.001000
Epoch[3] Batch [1699]	Speed: 103.502998 samples/sec	accuracy=0.905303	lr=0.001000
Epoch[3] Batch [1749]	Speed: 103.453496 samples/sec	accuracy=0.905429	lr=0.001000
Epoch[3] Batch [1799]	Speed: 103.391229 samples/sec	accuracy=0.905512	lr=0.001000
[Epoch 3] Train-acc: 0.906, loss: 0.220 | Val-acc: 0.934 | time: 1158.0
Epoch[4] Batch [49]	Speed: 100.277180 samples/sec	accuracy=0.919375	lr=0.001000
Epoch[4] Batch [99]	Speed: 103.445386 samples/sec	accuracy=0.917031	lr=0.001000
Epoch[4] Batch [149]	Speed: 103.488389 samples/sec	accuracy=0.916875	lr=0.001000
Epoch[4] Batch [199]	Speed: 103.449790 samples/sec	accuracy=0.912578	lr=0.001000
Epoch[4] Batch [249]	Speed: 103.477017 samples/sec	accuracy=0.912062	lr=0.001000
Epoch[4] Batch [299]	Speed: 103.449794 samples/sec	accuracy=0.912083	lr=0.001000
Epoch[4] Batch [349]	Speed: 103.384468 samples/sec	accuracy=0.912098	lr=0.001000
Epoch[4] Batch [399]	Speed: 103.406476 samples/sec	accuracy=0.912070	lr=0.001000
Epoch[4] Batch [449]	Speed: 103.439314 samples/sec	accuracy=0.911632	lr=0.001000
Epoch[4] Batch [499]	Speed: 103.428868 samples/sec	accuracy=0.911125	lr=0.001000
Epoch[4] Batch [549]	Speed: 103.363028 samples/sec	accuracy=0.911136	lr=0.001000
Epoch[4] Batch [599]	Speed: 103.422537 samples/sec	accuracy=0.911536	lr=0.001000
Epoch[4] Batch [649]	Speed: 103.353826 samples/sec	accuracy=0.911538	lr=0.001000
Epoch[4] Batch [699]	Speed: 103.435276 samples/sec	accuracy=0.910960	lr=0.001000
Epoch[4] Batch [749]	Speed: 103.388671 samples/sec	accuracy=0.910021	lr=0.001000
Epoch[4] Batch [799]	Speed: 103.403990 samples/sec	accuracy=0.910234	lr=0.001000
Epoch[4] Batch [849]	Speed: 103.386557 samples/sec	accuracy=0.910423	lr=0.001000
Epoch[4] Batch [899]	Speed: 103.388378 samples/sec	accuracy=0.910122	lr=0.001000
Epoch[4] Batch [949]	Speed: 103.440761 samples/sec	accuracy=0.909918	lr=0.001000
Epoch[4] Batch [999]	Speed: 103.409235 samples/sec	accuracy=0.909578	lr=0.001000
Epoch[4] Batch [1049]	Speed: 103.404525 samples/sec	accuracy=0.909405	lr=0.001000
Epoch[4] Batch [1099]	Speed: 103.466358 samples/sec	accuracy=0.909531	lr=0.001000
Epoch[4] Batch [1149]	Speed: 103.395504 samples/sec	accuracy=0.909117	lr=0.001000
Epoch[4] Batch [1199]	Speed: 103.299427 samples/sec	accuracy=0.908997	lr=0.001000
Epoch[4] Batch [1249]	Speed: 103.375215 samples/sec	accuracy=0.908887	lr=0.001000
Epoch[4] Batch [1299]	Speed: 103.405862 samples/sec	accuracy=0.908978	lr=0.001000
Epoch[4] Batch [1349]	Speed: 103.348571 samples/sec	accuracy=0.908600	lr=0.001000
Epoch[4] Batch [1399]	Speed: 103.405119 samples/sec	accuracy=0.908817	lr=0.001000
Epoch[4] Batch [1449]	Speed: 103.424006 samples/sec	accuracy=0.908825	lr=0.001000
Epoch[4] Batch [1499]	Speed: 103.435280 samples/sec	accuracy=0.908500	lr=0.001000
Epoch[4] Batch [1549]	Speed: 103.377159 samples/sec	accuracy=0.908407	lr=0.001000
Epoch[4] Batch [1599]	Speed: 103.408281 samples/sec	accuracy=0.908408	lr=0.001000
Epoch[4] Batch [1649]	Speed: 103.502765 samples/sec	accuracy=0.908324	lr=0.001000
Epoch[4] Batch [1699]	Speed: 103.458399 samples/sec	accuracy=0.908456	lr=0.001000
Epoch[4] Batch [1749]	Speed: 103.409605 samples/sec	accuracy=0.908500	lr=0.001000
Epoch[4] Batch [1799]	Speed: 103.495483 samples/sec	accuracy=0.908385	lr=0.001000
[Epoch 4] Train-acc: 0.908, loss: 0.213 | Val-acc: 0.937 | time: 1158.2
Epoch[5] Batch [49]	Speed: 100.617636 samples/sec	accuracy=0.911563	lr=0.001000
Epoch[5] Batch [99]	Speed: 103.427368 samples/sec	accuracy=0.912656	lr=0.001000
Epoch[5] Batch [149]	Speed: 103.417610 samples/sec	accuracy=0.911875	lr=0.001000
Epoch[5] Batch [199]	Speed: 103.428358 samples/sec	accuracy=0.911641	lr=0.001000
Epoch[5] Batch [249]	Speed: 103.441267 samples/sec	accuracy=0.911563	lr=0.001000
Epoch[5] Batch [299]	Speed: 103.351219 samples/sec	accuracy=0.913125	lr=0.001000
Epoch[5] Batch [349]	Speed: 103.347664 samples/sec	accuracy=0.913304	lr=0.001000
Epoch[5] Batch [399]	Speed: 103.420594 samples/sec	accuracy=0.914023	lr=0.001000
Epoch[5] Batch [449]	Speed: 103.365282 samples/sec	accuracy=0.914306	lr=0.001000
Epoch[5] Batch [499]	Speed: 103.436826 samples/sec	accuracy=0.913844	lr=0.001000
Epoch[5] Batch [549]	Speed: 103.385746 samples/sec	accuracy=0.913011	lr=0.001000
Epoch[5] Batch [599]	Speed: 103.404747 samples/sec	accuracy=0.912943	lr=0.001000
Epoch[5] Batch [649]	Speed: 103.434901 samples/sec	accuracy=0.913630	lr=0.001000
Epoch[5] Batch [699]	Speed: 103.363487 samples/sec	accuracy=0.913348	lr=0.001000
Epoch[5] Batch [749]	Speed: 103.351411 samples/sec	accuracy=0.912958	lr=0.001000
Epoch[5] Batch [799]	Speed: 103.404705 samples/sec	accuracy=0.913066	lr=0.001000
Epoch[5] Batch [849]	Speed: 103.404000 samples/sec	accuracy=0.913493	lr=0.001000
Epoch[5] Batch [899]	Speed: 103.395747 samples/sec	accuracy=0.913299	lr=0.001000
Epoch[5] Batch [949]	Speed: 103.433781 samples/sec	accuracy=0.913355	lr=0.001000
Epoch[5] Batch [999]	Speed: 103.343861 samples/sec	accuracy=0.913750	lr=0.001000
Epoch[5] Batch [1049]	Speed: 103.363489 samples/sec	accuracy=0.913854	lr=0.001000
Epoch[5] Batch [1099]	Speed: 103.333896 samples/sec	accuracy=0.913963	lr=0.001000
Epoch[5] Batch [1149]	Speed: 103.365534 samples/sec	accuracy=0.913750	lr=0.001000
Epoch[5] Batch [1199]	Speed: 103.417435 samples/sec	accuracy=0.913737	lr=0.001000
Epoch[5] Batch [1249]	Speed: 103.317759 samples/sec	accuracy=0.913563	lr=0.001000
Epoch[5] Batch [1299]	Speed: 103.393563 samples/sec	accuracy=0.913510	lr=0.001000
Epoch[5] Batch [1349]	Speed: 103.475045 samples/sec	accuracy=0.913241	lr=0.001000
Epoch[5] Batch [1399]	Speed: 103.402936 samples/sec	accuracy=0.913158	lr=0.001000
Epoch[5] Batch [1449]	Speed: 103.382661 samples/sec	accuracy=0.912716	lr=0.001000
Epoch[5] Batch [1499]	Speed: 103.488982 samples/sec	accuracy=0.912833	lr=0.001000
Epoch[5] Batch [1549]	Speed: 103.425617 samples/sec	accuracy=0.913075	lr=0.001000
Epoch[5] Batch [1599]	Speed: 103.335697 samples/sec	accuracy=0.912891	lr=0.001000
Epoch[5] Batch [1649]	Speed: 103.378670 samples/sec	accuracy=0.912756	lr=0.001000
Epoch[5] Batch [1699]	Speed: 103.361042 samples/sec	accuracy=0.912518	lr=0.001000
Epoch[5] Batch [1749]	Speed: 103.443788 samples/sec	accuracy=0.912714	lr=0.001000
Epoch[5] Batch [1799]	Speed: 103.413729 samples/sec	accuracy=0.912561	lr=0.001000
[Epoch 5] Train-acc: 0.913, loss: 0.205 | Val-acc: 0.938 | time: 1158.7
Epoch[6] Batch [49]	Speed: 99.419980 samples/sec	accuracy=0.920625	lr=0.001000
Epoch[6] Batch [99]	Speed: 103.415387 samples/sec	accuracy=0.918594	lr=0.001000
Epoch[6] Batch [149]	Speed: 103.422886 samples/sec	accuracy=0.918021	lr=0.001000
Epoch[6] Batch [199]	Speed: 103.383376 samples/sec	accuracy=0.916484	lr=0.001000
Epoch[6] Batch [249]	Speed: 103.400726 samples/sec	accuracy=0.916500	lr=0.001000
Epoch[6] Batch [299]	Speed: 103.480073 samples/sec	accuracy=0.917292	lr=0.001000
Epoch[6] Batch [349]	Speed: 103.391218 samples/sec	accuracy=0.916429	lr=0.001000
Epoch[6] Batch [399]	Speed: 103.395363 samples/sec	accuracy=0.916133	lr=0.001000
Epoch[6] Batch [449]	Speed: 103.417328 samples/sec	accuracy=0.916458	lr=0.001000
Epoch[6] Batch [499]	Speed: 103.446071 samples/sec	accuracy=0.916406	lr=0.001000
Epoch[6] Batch [549]	Speed: 103.446574 samples/sec	accuracy=0.916534	lr=0.001000
Epoch[6] Batch [599]	Speed: 103.429911 samples/sec	accuracy=0.915599	lr=0.001000
Epoch[6] Batch [649]	Speed: 103.465120 samples/sec	accuracy=0.915841	lr=0.001000
Epoch[6] Batch [699]	Speed: 103.420776 samples/sec	accuracy=0.916339	lr=0.001000
Epoch[6] Batch [749]	Speed: 103.416161 samples/sec	accuracy=0.915875	lr=0.001000
Epoch[6] Batch [799]	Speed: 103.423480 samples/sec	accuracy=0.916074	lr=0.001000
Epoch[6] Batch [849]	Speed: 103.462313 samples/sec	accuracy=0.916048	lr=0.001000
Epoch[6] Batch [899]	Speed: 103.399161 samples/sec	accuracy=0.915365	lr=0.001000
Epoch[6] Batch [949]	Speed: 103.422344 samples/sec	accuracy=0.915345	lr=0.001000
Epoch[6] Batch [999]	Speed: 103.410973 samples/sec	accuracy=0.915391	lr=0.001000
Epoch[6] Batch [1049]	Speed: 103.526806 samples/sec	accuracy=0.915357	lr=0.001000
Epoch[6] Batch [1099]	Speed: 103.478578 samples/sec	accuracy=0.915398	lr=0.001000
Epoch[6] Batch [1149]	Speed: 103.491814 samples/sec	accuracy=0.915516	lr=0.001000
Epoch[6] Batch [1199]	Speed: 103.455220 samples/sec	accuracy=0.915586	lr=0.001000
Epoch[6] Batch [1249]	Speed: 103.436034 samples/sec	accuracy=0.915900	lr=0.001000
Epoch[6] Batch [1299]	Speed: 103.385546 samples/sec	accuracy=0.915901	lr=0.001000
Epoch[6] Batch [1349]	Speed: 103.470001 samples/sec	accuracy=0.915880	lr=0.001000
Epoch[6] Batch [1399]	Speed: 103.446499 samples/sec	accuracy=0.915826	lr=0.001000
Epoch[6] Batch [1449]	Speed: 103.376411 samples/sec	accuracy=0.915948	lr=0.001000
Epoch[6] Batch [1499]	Speed: 103.434757 samples/sec	accuracy=0.915979	lr=0.001000
Epoch[6] Batch [1549]	Speed: 103.299158 samples/sec	accuracy=0.915786	lr=0.001000
Epoch[6] Batch [1599]	Speed: 103.429952 samples/sec	accuracy=0.915479	lr=0.001000
Epoch[6] Batch [1649]	Speed: 103.413833 samples/sec	accuracy=0.915009	lr=0.001000
Epoch[6] Batch [1699]	Speed: 103.435071 samples/sec	accuracy=0.915018	lr=0.001000
Epoch[6] Batch [1749]	Speed: 103.425660 samples/sec	accuracy=0.915009	lr=0.001000
Epoch[6] Batch [1799]	Speed: 103.415747 samples/sec	accuracy=0.914948	lr=0.001000
[Epoch 6] Train-acc: 0.915, loss: 0.199 | Val-acc: 0.934 | time: 1158.4
Epoch[7] Batch [49]	Speed: 100.342632 samples/sec	accuracy=0.920625	lr=0.001000
Epoch[7] Batch [99]	Speed: 103.358368 samples/sec	accuracy=0.922031	lr=0.001000
Epoch[7] Batch [149]	Speed: 103.463457 samples/sec	accuracy=0.920208	lr=0.001000
Epoch[7] Batch [199]	Speed: 103.377240 samples/sec	accuracy=0.920078	lr=0.001000
Epoch[7] Batch [249]	Speed: 103.474995 samples/sec	accuracy=0.919125	lr=0.001000
Epoch[7] Batch [299]	Speed: 103.362967 samples/sec	accuracy=0.919167	lr=0.001000
Epoch[7] Batch [349]	Speed: 103.447710 samples/sec	accuracy=0.919375	lr=0.001000
Epoch[7] Batch [399]	Speed: 103.412762 samples/sec	accuracy=0.918203	lr=0.001000
Epoch[7] Batch [449]	Speed: 103.437430 samples/sec	accuracy=0.917361	lr=0.001000
Epoch[7] Batch [499]	Speed: 103.444395 samples/sec	accuracy=0.917781	lr=0.001000
Epoch[7] Batch [549]	Speed: 103.438714 samples/sec	accuracy=0.916932	lr=0.001000
Epoch[7] Batch [599]	Speed: 103.434596 samples/sec	accuracy=0.916771	lr=0.001000
Epoch[7] Batch [649]	Speed: 103.428396 samples/sec	accuracy=0.916731	lr=0.001000
Epoch[7] Batch [699]	Speed: 103.393485 samples/sec	accuracy=0.917277	lr=0.001000
Epoch[7] Batch [749]	Speed: 103.386599 samples/sec	accuracy=0.917000	lr=0.001000
Epoch[7] Batch [799]	Speed: 103.364935 samples/sec	accuracy=0.917207	lr=0.001000
Epoch[7] Batch [849]	Speed: 103.433981 samples/sec	accuracy=0.917151	lr=0.001000
Epoch[7] Batch [899]	Speed: 103.464915 samples/sec	accuracy=0.917153	lr=0.001000
Epoch[7] Batch [949]	Speed: 103.482377 samples/sec	accuracy=0.916809	lr=0.001000
Epoch[7] Batch [999]	Speed: 103.446719 samples/sec	accuracy=0.916156	lr=0.001000
Epoch[7] Batch [1049]	Speed: 103.428364 samples/sec	accuracy=0.915685	lr=0.001000
Epoch[7] Batch [1099]	Speed: 103.425597 samples/sec	accuracy=0.915540	lr=0.001000
Epoch[7] Batch [1149]	Speed: 103.392889 samples/sec	accuracy=0.915435	lr=0.001000
Epoch[7] Batch [1199]	Speed: 103.377142 samples/sec	accuracy=0.915482	lr=0.001000
Epoch[7] Batch [1249]	Speed: 103.446423 samples/sec	accuracy=0.915763	lr=0.001000
Epoch[7] Batch [1299]	Speed: 103.399345 samples/sec	accuracy=0.915829	lr=0.001000
Epoch[7] Batch [1349]	Speed: 103.413432 samples/sec	accuracy=0.915764	lr=0.001000
[Finished] Test-acc: 0.480
[Finished] Test-acc: 0.920
[Test] /home/davinci/dnn/data/my_person/mxnet/coco2014/train 1294
[Finished] Test-acc: 0.955
[Test] /home/davinci/dnn/data/my_person/mxnet/voc0712/train 381
[Finished] Test-acc: 0.903
[Test] /home/davinci/dnn/data/my_person/mxnet/voc0712/train 381
[Finished] Test-acc: 0.926
[Test] /home/davinci/dnn/data/my_person/mxnet/coco2014/train 1294
[Finished] Test-acc: 0.957
